<?xml version="1.0" encoding="UTF-8"?>
<!-- Generated by org.testng.reporters.JUnitXMLReporter -->
<testsuite hostname="DESKTOP-8LOOPLG" ignored="0" name="Test" tests="10" failures="0" timestamp="2021-05-04T19:01:13 IST" time="349.312" errors="0">
  <testcase name="acceptCookies" time="0.413" classname="com.qa.testscripts.HmProject"/>
  <testcase name="failedLogin" time="13.68" classname="com.qa.testscripts.HmProject"/>
  <testcase name="login" time="9.463" classname="com.qa.testscripts.HmProject"/>
  <testcase name="categories" time="46.794" classname="com.qa.testscripts.HmProject"/>
  <testcase name="searchgItems" time="50.396" classname="com.qa.testscripts.HmProject"/>
  <testcase name="searchgItems" time="60.872" classname="com.qa.testscripts.HmProject"/>
  <testcase name="searchgItems" time="68.863" classname="com.qa.testscripts.HmProject"/>
  <testcase name="searchgItems" time="55.507" classname="com.qa.testscripts.HmProject"/>
  <testcase name="shoppingBag" time="11.07" classname="com.qa.testscripts.HmProject"/>
  <testcase name="logOut" time="13.299" classname="com.qa.testscripts.HmProject"/>
</testsuite> <!-- Test -->
