<?xml version="1.0" encoding="UTF-8"?>
<!-- Generated by org.testng.reporters.JUnitXMLReporter -->
<testsuite hostname="DESKTOP-8LOOPLG" ignored="0" name="Test" tests="10" failures="0" timestamp="2021-05-04T18:13:09 IST" time="240.985" errors="0">
  <testcase name="acceptCookies" time="0.512" classname="com.qa.testscripts.HmProject"/>
  <testcase name="failedLogin" time="12.479" classname="com.qa.testscripts.HmProject"/>
  <testcase name="login" time="9.025" classname="com.qa.testscripts.HmProject"/>
  <testcase name="categories" time="44.787" classname="com.qa.testscripts.HmProject"/>
  <testcase name="searchgItems" time="35.045" classname="com.qa.testscripts.HmProject"/>
  <testcase name="searchgItems" time="41.633" classname="com.qa.testscripts.HmProject"/>
  <testcase name="searchgItems" time="34.365" classname="com.qa.testscripts.HmProject"/>
  <testcase name="searchgItems" time="35.068" classname="com.qa.testscripts.HmProject"/>
  <testcase name="shoppingBag" time="6.671" classname="com.qa.testscripts.HmProject"/>
  <testcase name="logOut" time="6.845" classname="com.qa.testscripts.HmProject"/>
</testsuite> <!-- Test -->
