<?xml version="1.0" encoding="UTF-8"?>
<!-- Generated by org.testng.reporters.JUnitXMLReporter -->
<testsuite hostname="DESKTOP-8LOOPLG" ignored="0" name="Test" tests="10" failures="0" timestamp="2021-05-04T14:43:59 IST" time="246.808" errors="0">
  <testcase name="acceptCookies" time="0.622" classname="com.qa.testscripts.HmProject"/>
  <testcase name="failedLogin" time="13.387" classname="com.qa.testscripts.HmProject"/>
  <testcase name="login" time="10.253" classname="com.qa.testscripts.HmProject"/>
  <testcase name="categories" time="47.448" classname="com.qa.testscripts.HmProject"/>
  <testcase name="searchgItems" time="35.189" classname="com.qa.testscripts.HmProject"/>
  <testcase name="searchgItems" time="37.385" classname="com.qa.testscripts.HmProject"/>
  <testcase name="searchgItems" time="37.437" classname="com.qa.testscripts.HmProject"/>
  <testcase name="searchgItems" time="36.431" classname="com.qa.testscripts.HmProject"/>
  <testcase name="shoppingBag" time="7.081" classname="com.qa.testscripts.HmProject"/>
  <testcase name="logOut" time="7.239" classname="com.qa.testscripts.HmProject"/>
</testsuite> <!-- Test -->
