<?xml version="1.0" encoding="UTF-8"?>
<testsuite xmlns:xsi="http://www.w3.org/2001/XMLSchema-instance" xsi:noNamespaceSchemaLocation="https://maven.apache.org/surefire/maven-surefire-plugin/xsd/surefire-test-report.xsd" name="TestSuite" time="352.306" tests="10" errors="0" skipped="0" failures="0">
  <properties>
[...]
</properties>
  <testcase name="acceptCookies" classname="com.qa.testscripts.HmProject" time="0.438"/>
  <testcase name="failedLogin" classname="com.qa.testscripts.HmProject" time="13.677"/>
  <testcase name="login" classname="com.qa.testscripts.HmProject" time="9.464"/>
  <testcase name="categories" classname="com.qa.testscripts.HmProject" time="46.795"/>
  <testcase name="searchgItems" classname="com.qa.testscripts.HmProject" time="50.398"/>
  <testcase name="searchgItems" classname="com.qa.testscripts.HmProject" time="60.875"/>
  <testcase name="searchgItems" classname="com.qa.testscripts.HmProject" time="68.862"/>
  <testcase name="searchgItems" classname="com.qa.testscripts.HmProject" time="55.514"/>
  <testcase name="shoppingBag" classname="com.qa.testscripts.HmProject" time="11.072"/>
  <testcase name="logOut" classname="com.qa.testscripts.HmProject" time="13.299"/>
</testsuite>