<?xml version="1.0" encoding="UTF-8"?>
<testng-results skipped="0" failed="0" ignored="0" total="10" passed="10">
  <reporter-output>
    <line>
      <![CDATA[Cookies are accepted!! Ready to Sign in...]]>
    </line>
    <line>
      <![CDATA[The user should register with hm account or should enter valid email/ password]]>
    </line>
    <line>
      <![CDATA[Navigating back]]>
    </line>
    <line>
      <![CDATA[Navigating back]]>
    </line>
    <line>
      <![CDATA[Navigating back]]>
    </line>
    <line>
      <![CDATA[Navigating back]]>
    </line>
    <line>
      <![CDATA[The user is checking Bag]]>
    </line>
    <line>
      <![CDATA[Signing Out]]>
    </line>
  </reporter-output>
  <suite name="Suite" duration-ms="240985" started-at="2021-05-04T18:09:08 IST" finished-at="2021-05-04T18:13:09 IST">
    <groups>
    </groups>
    <test name="Test" duration-ms="240985" started-at="2021-05-04T18:09:08 IST" finished-at="2021-05-04T18:13:09 IST">
      <class name="com.qa.testscripts.HmProject">
        <test-method status="PASS" signature="setUp(java.lang.String, java.lang.String)[pri:0, instance:com.qa.testscripts.HmProject@3cb1ffe6]" name="setUp" is-config="true" duration-ms="11143" started-at="2021-05-04T18:09:08 IST" finished-at="2021-05-04T18:09:19 IST">
          <params>
            <param index="0">
              <value>
                <![CDATA[CHROME]]>
              </value>
            </param>
            <param index="1">
              <value>
                <![CDATA[https://www2.hm.com/en_in/]]>
              </value>
            </param>
          </params>
          <reporter-output>
          </reporter-output>
        </test-method> <!-- setUp -->
        <test-method status="PASS" signature="acceptCookies()[pri:-1, instance:com.qa.testscripts.HmProject@3cb1ffe6]" name="acceptCookies" duration-ms="512" started-at="2021-05-04T18:09:19 IST" finished-at="2021-05-04T18:09:20 IST">
          <reporter-output>
            <line>
              <![CDATA[Cookies are accepted!! Ready to Sign in...]]>
            </line>
          </reporter-output>
        </test-method> <!-- acceptCookies -->
        <test-method status="PASS" signature="failedLogin()[pri:1, instance:com.qa.testscripts.HmProject@3cb1ffe6]" name="failedLogin" duration-ms="12479" started-at="2021-05-04T18:09:20 IST" finished-at="2021-05-04T18:09:32 IST">
          <reporter-output>
            <line>
              <![CDATA[The user should register with hm account or should enter valid email/ password]]>
            </line>
          </reporter-output>
        </test-method> <!-- failedLogin -->
        <test-method status="PASS" signature="login()[pri:2, instance:com.qa.testscripts.HmProject@3cb1ffe6]" name="login" duration-ms="9025" started-at="2021-05-04T18:09:32 IST" finished-at="2021-05-04T18:09:41 IST">
          <reporter-output>
          </reporter-output>
        </test-method> <!-- login -->
        <test-method status="PASS" signature="categories()[pri:3, instance:com.qa.testscripts.HmProject@3cb1ffe6]" name="categories" duration-ms="44787" started-at="2021-05-04T18:09:41 IST" finished-at="2021-05-04T18:10:26 IST">
          <reporter-output>
          </reporter-output>
        </test-method> <!-- categories -->
        <test-method status="PASS" signature="searchgItems(java.lang.String)[pri:4, instance:com.qa.testscripts.HmProject@3cb1ffe6]" name="searchgItems" duration-ms="35045" started-at="2021-05-04T18:10:28 IST" data-provider="getData" finished-at="2021-05-04T18:11:03 IST">
          <params>
            <param index="0">
              <value>
                <![CDATA[shoes]]>
              </value>
            </param>
          </params>
          <reporter-output>
            <line>
              <![CDATA[Navigating back]]>
            </line>
          </reporter-output>
        </test-method> <!-- searchgItems -->
        <test-method status="PASS" signature="searchgItems(java.lang.String)[pri:4, instance:com.qa.testscripts.HmProject@3cb1ffe6]" name="searchgItems" duration-ms="41633" started-at="2021-05-04T18:11:03 IST" data-provider="getData" finished-at="2021-05-04T18:11:45 IST">
          <params>
            <param index="0">
              <value>
                <![CDATA[slippers]]>
              </value>
            </param>
          </params>
          <reporter-output>
            <line>
              <![CDATA[Navigating back]]>
            </line>
          </reporter-output>
        </test-method> <!-- searchgItems -->
        <test-method status="PASS" signature="searchgItems(java.lang.String)[pri:4, instance:com.qa.testscripts.HmProject@3cb1ffe6]" name="searchgItems" duration-ms="34365" started-at="2021-05-04T18:11:45 IST" data-provider="getData" finished-at="2021-05-04T18:12:19 IST">
          <params>
            <param index="0">
              <value>
                <![CDATA[joggers]]>
              </value>
            </param>
          </params>
          <reporter-output>
            <line>
              <![CDATA[Navigating back]]>
            </line>
          </reporter-output>
        </test-method> <!-- searchgItems -->
        <test-method status="PASS" signature="searchgItems(java.lang.String)[pri:4, instance:com.qa.testscripts.HmProject@3cb1ffe6]" name="searchgItems" duration-ms="35068" started-at="2021-05-04T18:12:19 IST" data-provider="getData" finished-at="2021-05-04T18:12:54 IST">
          <params>
            <param index="0">
              <value>
                <![CDATA[socks]]>
              </value>
            </param>
          </params>
          <reporter-output>
            <line>
              <![CDATA[Navigating back]]>
            </line>
          </reporter-output>
        </test-method> <!-- searchgItems -->
        <test-method status="PASS" signature="shoppingBag()[pri:5, instance:com.qa.testscripts.HmProject@3cb1ffe6]" name="shoppingBag" duration-ms="6671" started-at="2021-05-04T18:12:54 IST" finished-at="2021-05-04T18:13:01 IST">
          <reporter-output>
            <line>
              <![CDATA[The user is checking Bag]]>
            </line>
          </reporter-output>
        </test-method> <!-- shoppingBag -->
        <test-method status="PASS" signature="logOut()[pri:6, instance:com.qa.testscripts.HmProject@3cb1ffe6]" name="logOut" duration-ms="6845" started-at="2021-05-04T18:13:01 IST" finished-at="2021-05-04T18:13:08 IST">
          <reporter-output>
            <line>
              <![CDATA[Signing Out]]>
            </line>
          </reporter-output>
        </test-method> <!-- logOut -->
        <test-method status="PASS" signature="tearDown()[pri:0, instance:com.qa.testscripts.HmProject@3cb1ffe6]" name="tearDown" is-config="true" duration-ms="1267" started-at="2021-05-04T18:13:08 IST" finished-at="2021-05-04T18:13:09 IST">
          <reporter-output>
          </reporter-output>
        </test-method> <!-- tearDown -->
      </class> <!-- com.qa.testscripts.HmProject -->
    </test> <!-- Test -->
  </suite> <!-- Suite -->
</testng-results>
